<?xml version="1.0" encoding="UTF-8"?>
<!-- Generated by org.testng.reporters.JUnitXMLReporter -->
<testsuite hostname="Raghu-PC" name="Command line test" tests="37" failures="4" timestamp="20 Dec 2017 12:06:13 GMT" time="4386.662" errors="0">
  <testcase name="@AfterMethod getResult" time="0.0" classname="com.jocata.star.includeexculde.STARModules">
    <failure type="java.lang.NullPointerException">
      <![CDATA[java.lang.NullPointerException
	at com.jocata.star.basescripts.GetScreenshort.capture(GetScreenshort.java:123)
	at com.jocata.star.basescripts.mainbaseLatest.getResult(mainbaseLatest.java:280)
	at com.jocata.star.RunStar.AllStarNewSevenone2.main(AllStarNewSevenone2.java:150)
... Removed 22 stack frames]]>
    </failure>
  </testcase> <!-- @AfterMethod getResult -->
  <testcase name="@AfterTest endReport" time="0.0" classname="com.jocata.star.RunStar.AddBenchMark_01">
    <skipped/>
  </testcase> <!-- @AfterTest endReport -->
  <testcase name="init" time="86.929" classname="com.jocata.star.RunStar.AddBenchMark_01"/>
  <testcase name="loginAdvance" time="243.979" classname="com.jocata.star.RunStar.AdvanceSearchStar2">
    <failure type="org.openqa.selenium.ElementNotVisibleException" message="Element is not currently visible and so may not be interacted with
Command duration or timeout: 30.12 seconds
Build info: version: &amp;apos;2.53.1&amp;apos;, revision: &amp;apos;a36b8b1&amp;apos;, time: &amp;apos;2016-06-30 17:32:46&amp;apos;
System info: host: &amp;apos;Raghu-PC&amp;apos;, ip: &amp;apos;192.168.1.89&amp;apos;, os.name: &amp;apos;Windows 7&amp;apos;, os.arch: &amp;apos;amd64&amp;apos;, os.version: &amp;apos;6.1&amp;apos;, java.version: &amp;apos;1.8.0_101&amp;apos;
Driver info: org.openqa.selenium.firefox.FirefoxDriver
Capabilities [{applicationCacheEnabled=true, rotatable=false, handlesAlerts=true, databaseEnabled=true, version=46.0, platform=WINDOWS, nativeEvents=false, acceptSslCerts=true, webStorageEnabled=true, locationContextEnabled=true, browserName=firefox, takesScreenshot=true, javascriptEnabled=true, cssSelectorsEnabled=true}]
Session ID: e83311c9-9f6d-4aea-8309-bdfa9e5a51d9">
      <![CDATA[org.openqa.selenium.ElementNotVisibleException: Element is not currently visible and so may not be interacted with
Command duration or timeout: 30.12 seconds
Build info: version: '2.53.1', revision: 'a36b8b1', time: '2016-06-30 17:32:46'
System info: host: 'Raghu-PC', ip: '192.168.1.89', os.name: 'Windows 7', os.arch: 'amd64', os.version: '6.1', java.version: '1.8.0_101'
Driver info: org.openqa.selenium.firefox.FirefoxDriver
Capabilities [{applicationCacheEnabled=true, rotatable=false, handlesAlerts=true, databaseEnabled=true, version=46.0, platform=WINDOWS, nativeEvents=false, acceptSslCerts=true, webStorageEnabled=true, locationContextEnabled=true, browserName=firefox, takesScreenshot=true, javascriptEnabled=true, cssSelectorsEnabled=true}]
Session ID: e83311c9-9f6d-4aea-8309-bdfa9e5a51d9
	at org.openqa.selenium.remote.ErrorHandler.createThrowable(ErrorHandler.java:206)
	at org.openqa.selenium.remote.ErrorHandler.throwIfResponseFailed(ErrorHandler.java:158)
	at org.openqa.selenium.remote.RemoteWebDriver.execute(RemoteWebDriver.java:678)
	at org.openqa.selenium.remote.RemoteWebElement.execute(RemoteWebElement.java:327)
	at org.openqa.selenium.remote.RemoteWebElement.click(RemoteWebElement.java:85)
	at com.jocata.star.RunStar.AdvanceSearchStar2.clickDashboardAdvance(AdvanceSearchStar2.java:443)
	at com.jocata.star.RunStar.AdvanceSearchStar2.loginAdvance(AdvanceSearchStar2.java:55)
	at com.jocata.star.RunStar.AllStarNewSevenone2.main(AllStarNewSevenone2.java:150)
Caused by: org.openqa.selenium.ElementNotVisibleException: Element is not currently visible and so may not be interacted with
Build info: version: '2.53.1', revision: 'a36b8b1', time: '2016-06-30 17:32:46'
System info: host: 'Raghu-PC', ip: '192.168.1.89', os.name: 'Windows 7', os.arch: 'amd64', os.version: '6.1', java.version: '1.8.0_101'
Driver info: driver.version: unknown
	at <anonymous class>.fxdriver.preconditions.visible(file:///C:/Users/Raghu/AppData/Local/Temp/anonymous222212505627381849webdriver-profile/extensions/fxdriver@googlecode.com/components/command-processor.js:10092)
	at <anonymous class>.DelayedCommand.prototype.checkPreconditions_(file:///C:/Users/Raghu/AppData/Local/Temp/anonymous222212505627381849webdriver-profile/extensions/fxdriver@googlecode.com/components/command-processor.js:12644)
	at <anonymous class>.DelayedCommand.prototype.executeInternal_/h(file:///C:/Users/Raghu/AppData/Local/Temp/anonymous222212505627381849webdriver-profile/extensions/fxdriver@googlecode.com/components/command-processor.js:12661)
	at <anonymous class>.fxdriver.Timer.prototype.setTimeout/<.notify(file:///C:/Users/Raghu/AppData/Local/Temp/anonymous222212505627381849webdriver-profile/extensions/fxdriver@googlecode.com/components/command-processor.js:625)
... Removed 25 stack frames]]>
    </failure>
  </testcase> <!-- loginAdvance -->
  <testcase name="login" time="9.111" classname="com.jocata.star.scripts.CustomerFieldsJocata">
    <failure type="org.openqa.selenium.WebDriverException" message="Element is not clickable at point (888, 77.19999694824219). Other element would receive the click: &amp;lt;div id=&amp;quot;ext-gen1670&amp;quot; role=&amp;quot;presentation&amp;quot; class=&amp;quot;x-mask&amp;quot; style=&amp;quot;height: 658px; width: 1349px; z-index: 18997; right: auto; left: 0px; top: 0px;&amp;quot;&amp;gt;&amp;lt;/div&amp;gt;
Command duration or timeout: 69 milliseconds
Build info: version: &amp;apos;2.53.1&amp;apos;, revision: &amp;apos;a36b8b1&amp;apos;, time: &amp;apos;2016-06-30 17:32:46&amp;apos;
System info: host: &amp;apos;Raghu-PC&amp;apos;, ip: &amp;apos;192.168.1.89&amp;apos;, os.name: &amp;apos;Windows 7&amp;apos;, os.arch: &amp;apos;amd64&amp;apos;, os.version: &amp;apos;6.1&amp;apos;, java.version: &amp;apos;1.8.0_101&amp;apos;
Driver info: org.openqa.selenium.firefox.FirefoxDriver
Capabilities [{applicationCacheEnabled=true, rotatable=false, handlesAlerts=true, databaseEnabled=true, version=46.0, platform=WINDOWS, nativeEvents=false, acceptSslCerts=true, webStorageEnabled=true, locationContextEnabled=true, browserName=firefox, takesScreenshot=true, javascriptEnabled=true, cssSelectorsEnabled=true}]
Session ID: e83311c9-9f6d-4aea-8309-bdfa9e5a51d9">
      <![CDATA[org.openqa.selenium.WebDriverException: Element is not clickable at point (888, 77.19999694824219). Other element would receive the click: <div id="ext-gen1670" role="presentation" class="x-mask" style="height: 658px; width: 1349px; z-index: 18997; right: auto; left: 0px; top: 0px;"></div>
Command duration or timeout: 69 milliseconds
Build info: version: '2.53.1', revision: 'a36b8b1', time: '2016-06-30 17:32:46'
System info: host: 'Raghu-PC', ip: '192.168.1.89', os.name: 'Windows 7', os.arch: 'amd64', os.version: '6.1', java.version: '1.8.0_101'
Driver info: org.openqa.selenium.firefox.FirefoxDriver
Capabilities [{applicationCacheEnabled=true, rotatable=false, handlesAlerts=true, databaseEnabled=true, version=46.0, platform=WINDOWS, nativeEvents=false, acceptSslCerts=true, webStorageEnabled=true, locationContextEnabled=true, browserName=firefox, takesScreenshot=true, javascriptEnabled=true, cssSelectorsEnabled=true}]
Session ID: e83311c9-9f6d-4aea-8309-bdfa9e5a51d9
	at org.openqa.selenium.remote.ErrorHandler.createThrowable(ErrorHandler.java:206)
	at org.openqa.selenium.remote.ErrorHandler.throwIfResponseFailed(ErrorHandler.java:158)
	at org.openqa.selenium.remote.RemoteWebDriver.execute(RemoteWebDriver.java:678)
	at org.openqa.selenium.remote.RemoteWebElement.execute(RemoteWebElement.java:327)
	at org.openqa.selenium.remote.RemoteWebElement.click(RemoteWebElement.java:85)
	at com.jocata.star.scripts.CustomerFieldsJocata.clickDashboard(CustomerFieldsJocata.java:69)
	at com.jocata.star.scripts.CustomerFieldsJocata.login(CustomerFieldsJocata.java:59)
	at com.jocata.star.RunStar.AllStarNewSevenone2.main(AllStarNewSevenone2.java:150)
... Removed 25 stack frames]]>
    </failure>
  </testcase> <!-- login -->
  <testcase name="loginNew" time="22.758" classname="com.jocata.star.scripts.NewCreateRuleJocata2"/>
  <testcase name="loginsimple" time="588.275" classname="com.jocata.star.scripts.SimpleSearchJocata"/>
  <testcase name="testprofiles" time="121.389" classname="com.jocata.star.scripts.StarCase7Jocata"/>
  <testcase name="test" time="106.251" classname="com.jocata.star.scripts.StarCase8Jocata"/>
  <testcase name="loginNavigation" time="105.956" classname="com.jocata.star.scripts.StarNavigationJocata"/>
  <testcase name="login" time="99.81" classname="com.jocata.star.workflow.WorkFlowClose2"/>
  <testcase name="login" time="232.595" classname="com.jocata.star.workflow.WorkFLowFalsePositive2"/>
  <testcase name="login" time="117.131" classname="com.jocata.star.workflow.WorkFlowRaiseSTR2"/>
  <testcase name="login" time="116.069" classname="com.jocata.star.workflow.WorkFlowActionsForWard2"/>
  <testcase name="clickadddelete" time="58.174" classname="com.jocata.star.includeexculde.AdddeleteRbl">
    <failure type="org.openqa.selenium.NoSuchElementException" message="Unable to locate element: {&amp;quot;method&amp;quot;:&amp;quot;xpath&amp;quot;,&amp;quot;selector&amp;quot;:&amp;quot;//div[3]/div[2]/div/span/img&amp;quot;}
Command duration or timeout: 30.16 seconds
For documentation on this error, please visit: http://seleniumhq.org/exceptions/no_such_element.html
Build info: version: &amp;apos;2.53.1&amp;apos;, revision: &amp;apos;a36b8b1&amp;apos;, time: &amp;apos;2016-06-30 17:32:46&amp;apos;
System info: host: &amp;apos;Raghu-PC&amp;apos;, ip: &amp;apos;192.168.1.89&amp;apos;, os.name: &amp;apos;Windows 7&amp;apos;, os.arch: &amp;apos;amd64&amp;apos;, os.version: &amp;apos;6.1&amp;apos;, java.version: &amp;apos;1.8.0_101&amp;apos;
Driver info: org.openqa.selenium.firefox.FirefoxDriver
Capabilities [{applicationCacheEnabled=true, rotatable=false, handlesAlerts=true, databaseEnabled=true, version=46.0, platform=WINDOWS, nativeEvents=false, acceptSslCerts=true, webStorageEnabled=true, locationContextEnabled=true, browserName=firefox, takesScreenshot=true, javascriptEnabled=true, cssSelectorsEnabled=true}]
Session ID: e83311c9-9f6d-4aea-8309-bdfa9e5a51d9
*** Element info: {Using=xpath, value=//div[3]/div[2]/div/span/img}">
      <![CDATA[org.openqa.selenium.NoSuchElementException: Unable to locate element: {"method":"xpath","selector":"//div[3]/div[2]/div/span/img"}
Command duration or timeout: 30.16 seconds
For documentation on this error, please visit: http://seleniumhq.org/exceptions/no_such_element.html
Build info: version: '2.53.1', revision: 'a36b8b1', time: '2016-06-30 17:32:46'
System info: host: 'Raghu-PC', ip: '192.168.1.89', os.name: 'Windows 7', os.arch: 'amd64', os.version: '6.1', java.version: '1.8.0_101'
Driver info: org.openqa.selenium.firefox.FirefoxDriver
Capabilities [{applicationCacheEnabled=true, rotatable=false, handlesAlerts=true, databaseEnabled=true, version=46.0, platform=WINDOWS, nativeEvents=false, acceptSslCerts=true, webStorageEnabled=true, locationContextEnabled=true, browserName=firefox, takesScreenshot=true, javascriptEnabled=true, cssSelectorsEnabled=true}]
Session ID: e83311c9-9f6d-4aea-8309-bdfa9e5a51d9
*** Element info: {Using=xpath, value=//div[3]/div[2]/div/span/img}
	at org.openqa.selenium.remote.ErrorHandler.createThrowable(ErrorHandler.java:206)
	at org.openqa.selenium.remote.ErrorHandler.throwIfResponseFailed(ErrorHandler.java:158)
	at org.openqa.selenium.remote.RemoteWebDriver.execute(RemoteWebDriver.java:678)
	at org.openqa.selenium.remote.RemoteWebDriver.findElement(RemoteWebDriver.java:363)
	at org.openqa.selenium.remote.RemoteWebDriver.findElementByXPath(RemoteWebDriver.java:500)
	at org.openqa.selenium.By$ByXPath.findElement(By.java:361)
	at org.openqa.selenium.remote.RemoteWebDriver.findElement(RemoteWebDriver.java:355)
	at com.jocata.star.includeexculde.AdddeleteRbl.clickadddelete(AdddeleteRbl.java:112)
	at com.jocata.star.RunStar.AllStarNewSevenone2.main(AllStarNewSevenone2.java:150)
Caused by: org.openqa.selenium.NoSuchElementException: Unable to locate element: {"method":"xpath","selector":"//div[3]/div[2]/div/span/img"}
For documentation on this error, please visit: http://seleniumhq.org/exceptions/no_such_element.html
Build info: version: '2.53.1', revision: 'a36b8b1', time: '2016-06-30 17:32:46'
System info: host: 'Raghu-PC', ip: '192.168.1.89', os.name: 'Windows 7', os.arch: 'amd64', os.version: '6.1', java.version: '1.8.0_101'
Driver info: driver.version: unknown
	at <anonymous class>.FirefoxDriver.prototype.findElementInternal_(file:///C:/Users/Raghu/AppData/Local/Temp/anonymous222212505627381849webdriver-profile/extensions/fxdriver@googlecode.com/components/driver-component.js:10770)
	at <anonymous class>.fxdriver.Timer.prototype.setTimeout/<.notify(file:///C:/Users/Raghu/AppData/Local/Temp/anonymous222212505627381849webdriver-profile/extensions/fxdriver@googlecode.com/components/driver-component.js:625)
... Removed 25 stack frames]]>
    </failure>
  </testcase> <!-- clickadddelete -->
  <testcase name="login" time="35.492" classname="com.jocata.star.workflow.WorkFLowAndDispActions2"/>
  <testcase name="login" time="71.317" classname="com.jocata.star.workflow.WorkFLowActionsReassign2"/>
  <testcase name="addReport" time="61.205" classname="com.jocata.star.misreports.AddBenchMarkBenchMarkRun"/>
  <testcase name="addReport" time="46.768" classname="com.jocata.star.misreports.AddReportCaseDetailsReport"/>
  <testcase name="addReport" time="41.618" classname="com.jocata.star.misreports.AddReportDashboard"/>
  <testcase name="addReport" time="40.857" classname="com.jocata.star.misreports.AddReportEventDetailsReport"/>
  <testcase name="addReport" time="41.391" classname="com.jocata.star.misreports.AddReportRuleSummary"/>
  <testcase name="addReport" time="51.425" classname="com.jocata.star.misreports.AddReportsBenchMark"/>
  <testcase name="addReport" time="42.216" classname="com.jocata.star.misreports.AddReportUserCaseDetailsReport"/>
  <testcase name="clickUserDetailsReport" time="170.658" classname="com.jocata.star.ExportReports.UserDetailsReportExport"/>
  <testcase name="clicingmisreports" time="153.55" classname="com.jocata.star.ExportReports.RuleSummereyReportExport"/>
  <testcase name="clicingmisreports" time="163.135" classname="com.jocata.star.ExportReports.CaseDetailsReportExport"/>
  <testcase name="clicingmisreports" time="177.513" classname="com.jocata.star.ExportReports.BenchmarksReportExport"/>
  <testcase name="clicingmisreports" time="170.593" classname="com.jocata.star.ExportReports.BenchmarksRunReportExport"/>
  <testcase name="loginNew" time="120.313" classname="com.jocata.star.existingfuctions.AddruleChangesFuctionaltiy"/>
  <testcase name="init" time="59.815" classname="com.jocata.star.existingfuctions.AddBenchMarkReportsChanges3"/>
  <testcase name="login" time="250.049" classname="com.jocata.star.exportexcels.CustomerPeerProfile2"/>
  <testcase name="testDashBoard" time="46.002" classname="com.jocata.star.exportexcels.DashboardTask"/>
  <testcase name="login" time="101.356" classname="com.jocata.star.exportexcels.NetworkExportGraph"/>
  <testcase name="login" time="130.073" classname="com.jocata.star.exportexcels.TrancastionRulePopUpExport"/>
  <testcase name="GridTest" time="174.34" classname="com.jocata.star.grid.GridAddReport3"/>
  <testcase name="GridTest" time="108.414" classname="com.jocata.star.grid.ADDRolesModify"/>
  <testcase name="clickgridmodules" time="207.654" classname="com.jocata.star.includeexculde.GridModules"/>
  <testcase name="clickingStarmodules" time="8.166" classname="com.jocata.star.includeexculde.STARModules">
    <failure type="org.openqa.selenium.remote.UnreachableBrowserException" message="Error communicating with the remote browser. It may have died.
Build info: version: &amp;apos;2.53.1&amp;apos;, revision: &amp;apos;a36b8b1&amp;apos;, time: &amp;apos;2016-06-30 17:32:46&amp;apos;
System info: host: &amp;apos;Raghu-PC&amp;apos;, ip: &amp;apos;192.168.1.89&amp;apos;, os.name: &amp;apos;Windows 7&amp;apos;, os.arch: &amp;apos;amd64&amp;apos;, os.version: &amp;apos;6.1&amp;apos;, java.version: &amp;apos;1.8.0_101&amp;apos;
Driver info: driver.version: RemoteWebDriver
Capabilities [{applicationCacheEnabled=true, rotatable=false, handlesAlerts=true, databaseEnabled=true, version=46.0, platform=WINDOWS, nativeEvents=false, acceptSslCerts=true, webStorageEnabled=true, locationContextEnabled=true, browserName=firefox, takesScreenshot=true, javascriptEnabled=true, cssSelectorsEnabled=true}]
Session ID: e83311c9-9f6d-4aea-8309-bdfa9e5a51d9">
      <![CDATA[org.openqa.selenium.remote.UnreachableBrowserException: Error communicating with the remote browser. It may have died.
Build info: version: '2.53.1', revision: 'a36b8b1', time: '2016-06-30 17:32:46'
System info: host: 'Raghu-PC', ip: '192.168.1.89', os.name: 'Windows 7', os.arch: 'amd64', os.version: '6.1', java.version: '1.8.0_101'
Driver info: driver.version: RemoteWebDriver
Capabilities [{applicationCacheEnabled=true, rotatable=false, handlesAlerts=true, databaseEnabled=true, version=46.0, platform=WINDOWS, nativeEvents=false, acceptSslCerts=true, webStorageEnabled=true, locationContextEnabled=true, browserName=firefox, takesScreenshot=true, javascriptEnabled=true, cssSelectorsEnabled=true}]
Session ID: e83311c9-9f6d-4aea-8309-bdfa9e5a51d9
	at org.openqa.selenium.remote.RemoteWebDriver.execute(RemoteWebDriver.java:665)
	at org.openqa.selenium.remote.RemoteWebDriver.findElement(RemoteWebDriver.java:363)
	at org.openqa.selenium.remote.RemoteWebDriver.findElementByXPath(RemoteWebDriver.java:500)
	at org.openqa.selenium.By$ByXPath.findElement(By.java:361)
	at org.openqa.selenium.remote.RemoteWebDriver.findElement(RemoteWebDriver.java:355)
	at com.jocata.star.includeexculde.STARModules$1.apply(STARModules.java:39)
	at com.jocata.star.includeexculde.STARModules$1.apply(STARModules.java:1)
	at org.openqa.selenium.support.ui.FluentWait.until(FluentWait.java:238)
	at com.jocata.star.includeexculde.STARModules.fluentWait(STARModules.java:37)
	at com.jocata.star.includeexculde.STARModules.clickingStarmodules(STARModules.java:70)
	at com.jocata.star.RunStar.AllStarNewSevenone2.main(AllStarNewSevenone2.java:150)
Caused by: org.apache.http.conn.HttpHostConnectException: Connect to 127.0.0.1:7055 [/127.0.0.1] failed: Connection refused: connect
	at org.apache.http.impl.conn.DefaultHttpClientConnectionOperator.connect(DefaultHttpClientConnectionOperator.java:151)
	at org.apache.http.impl.conn.PoolingHttpClientConnectionManager.connect(PoolingHttpClientConnectionManager.java:353)
	at org.apache.http.impl.execchain.MainClientExec.establishRoute(MainClientExec.java:380)
	at org.apache.http.impl.execchain.MainClientExec.execute(MainClientExec.java:236)
	at org.apache.http.impl.execchain.ProtocolExec.execute(ProtocolExec.java:184)
	at org.apache.http.impl.execchain.RetryExec.execute(RetryExec.java:88)
	at org.apache.http.impl.execchain.RedirectExec.execute(RedirectExec.java:110)
	at org.apache.http.impl.client.InternalHttpClient.doExecute(InternalHttpClient.java:184)
	at org.apache.http.impl.client.CloseableHttpClient.execute(CloseableHttpClient.java:71)
	at org.apache.http.impl.client.CloseableHttpClient.execute(CloseableHttpClient.java:55)
	at org.openqa.selenium.remote.internal.ApacheHttpClient.fallBackExecute(ApacheHttpClient.java:144)
	at org.openqa.selenium.remote.internal.ApacheHttpClient.execute(ApacheHttpClient.java:90)
	at org.openqa.selenium.remote.HttpCommandExecutor.execute(HttpCommandExecutor.java:142)
	at org.openqa.selenium.firefox.internal.NewProfileExtensionConnection.execute(NewProfileExtensionConnection.java:160)
	at org.openqa.selenium.firefox.FirefoxDriver$LazyCommandExecutor.execute(FirefoxDriver.java:380)
	at org.openqa.selenium.remote.RemoteWebDriver.execute(RemoteWebDriver.java:644)
	... 31 more
Caused by: java.net.ConnectException: Connection refused: connect
	at java.net.DualStackPlainSocketImpl.waitForConnect(Native Method)
	at java.net.DualStackPlainSocketImpl.socketConnect(DualStackPlainSocketImpl.java:85)
	at java.net.AbstractPlainSocketImpl.doConnect(AbstractPlainSocketImpl.java:350)
	at java.net.AbstractPlainSocketImpl.connectToAddress(AbstractPlainSocketImpl.java:206)
	at java.net.AbstractPlainSocketImpl.connect(AbstractPlainSocketImpl.java:188)
	at java.net.PlainSocketImpl.connect(PlainSocketImpl.java:172)
	at java.net.SocksSocketImpl.connect(SocksSocketImpl.java:392)
	at java.net.Socket.connect(Socket.java:589)
	at org.apache.http.conn.socket.PlainConnectionSocketFactory.connectSocket(PlainConnectionSocketFactory.java:74)
	at org.apache.http.impl.conn.DefaultHttpClientConnectionOperator.connect(DefaultHttpClientConnectionOperator.java:134)
	... 46 more
... Removed 21 stack frames]]>
    </failure>
  </testcase> <!-- clickingStarmodules -->
</testsuite> <!-- Command line test -->
