<html>
<head>
<title>TestNG:  Command line test</title>
<link href="../testng.css" rel="stylesheet" type="text/css" />
<link href="../my-testng.css" rel="stylesheet" type="text/css" />

<style type="text/css">
.log { display: none;} 
.stack-trace { display: none;} 
</style>
<script type="text/javascript">
<!--
function flip(e) {
  current = e.style.display;
  if (current == 'block') {
    e.style.display = 'none';
    return 0;
  }
  else {
    e.style.display = 'block';
    return 1;
  }
}

function toggleBox(szDivId, elem, msg1, msg2)
{
  var res = -1;  if (document.getElementById) {
    res = flip(document.getElementById(szDivId));
  }
  else if (document.all) {
    // this is the way old msie versions work
    res = flip(document.all[szDivId]);
  }
  if(elem) {
    if(res == 0) elem.innerHTML = msg1; else elem.innerHTML = msg2;
  }

}

function toggleAllBoxes() {
  if (document.getElementsByTagName) {
    d = document.getElementsByTagName('div');
    for (i = 0; i < d.length; i++) {
      if (d[i].className == 'log') {
        flip(d[i]);
      }
    }
  }
}

// -->
</script>

</head>
<body>
<h2 align='center'>Command line test</h2><table border='1' align="center">
<tr>
<td>Tests passed/Failed/Skipped:</td><td>33/4/0</td>
</tr><tr>
<td>Started on:</td><td>Wed Dec 20 16:23:07 IST 2017</td>
</tr>
<tr><td>Total time:</td><td>4386 seconds (4386662 ms)</td>
</tr><tr>
<td>Included groups:</td><td></td>
</tr><tr>
<td>Excluded groups:</td><td></td>
</tr>
</table><p/>
<small><i>(Hover the method name to see the test class name)</i></small><p/>
<table width='100%' border='1' class='invocation-failed'>
<tr><td colspan='4' align='center'><b>FAILED CONFIGURATIONS</b></td></tr>
<tr><td><b>Test method</b></td>
<td width="30%"><b>Exception</b></td>
<td width="10%"><b>Time (seconds)</b></td>
<td><b>Instance</b></td>
</tr>
<tr>
<td title='com.jocata.star.includeexculde.STARModules.getResult()'><b>getResult</b><br>Test class: com.jocata.star.includeexculde.STARModules<br>Parameters: [TestResult name=clickingStarmodules status=FAILURE method=STARModules.clickingStarmodules()[pri:37, instance:com.jocata.star.includeexculde.STARModules@d70c109] output={null}], org.testng.TestRunner@1e4d8770</td>
<td><div><pre>java.lang.NullPointerException
	at com.jocata.star.basescripts.GetScreenshort.capture(GetScreenshort.java:123)
	at com.jocata.star.basescripts.mainbaseLatest.getResult(mainbaseLatest.java:280)
	at com.jocata.star.RunStar.AllStarNewSevenone2.main(AllStarNewSevenone2.java:150)
... Removed 22 stack frames</pre></div><a href='#' onClick='toggleBox("stack-trace1792086750", this, "Click to show all stack frames", "Click to hide stack frames")'>Click to show all stack frames</a>
<div class='stack-trace' id='stack-trace1792086750'><pre>java.lang.NullPointerException
	at com.jocata.star.basescripts.GetScreenshort.capture(GetScreenshort.java:123)
	at com.jocata.star.basescripts.mainbaseLatest.getResult(mainbaseLatest.java:280)
	at sun.reflect.GeneratedMethodAccessor30.invoke(Unknown Source)
	at sun.reflect.DelegatingMethodAccessorImpl.invoke(DelegatingMethodAccessorImpl.java:43)
	at java.lang.reflect.Method.invoke(Method.java:498)
	at org.testng.internal.MethodInvocationHelper.invokeMethod(MethodInvocationHelper.java:85)
	at org.testng.internal.Invoker.invokeConfigurationMethod(Invoker.java:510)
	at org.testng.internal.Invoker.invokeConfigurations(Invoker.java:211)
	at org.testng.internal.Invoker.invokeMethod(Invoker.java:703)
	at org.testng.internal.Invoker.invokeTestMethod(Invoker.java:816)
	at org.testng.internal.Invoker.invokeTestMethods(Invoker.java:1124)
	at org.testng.internal.TestMethodWorker.invokeTestMethods(TestMethodWorker.java:125)
	at org.testng.internal.TestMethodWorker.run(TestMethodWorker.java:108)
	at org.testng.TestRunner.privateRun(TestRunner.java:774)
	at org.testng.TestRunner.run(TestRunner.java:624)
	at org.testng.SuiteRunner.runTest(SuiteRunner.java:359)
	at org.testng.SuiteRunner.runSequentially(SuiteRunner.java:354)
	at org.testng.SuiteRunner.privateRun(SuiteRunner.java:312)
	at org.testng.SuiteRunner.run(SuiteRunner.java:261)
	at org.testng.SuiteRunnerWorker.runSuite(SuiteRunnerWorker.java:52)
	at org.testng.SuiteRunnerWorker.run(SuiteRunnerWorker.java:86)
	at org.testng.TestNG.runSuitesSequentially(TestNG.java:1215)
	at org.testng.TestNG.runSuitesLocally(TestNG.java:1140)
	at org.testng.TestNG.run(TestNG.java:1048)
	at com.jocata.star.RunStar.AllStarNewSevenone2.main(AllStarNewSevenone2.java:150)
</pre></div></td>
<td>0</td>
<td>com.jocata.star.includeexculde.STARModules@d70c109</td></tr>
</table><p>
<table width='100%' border='1' class='invocation-skipped'>
<tr><td colspan='4' align='center'><b>SKIPPED CONFIGURATIONS</b></td></tr>
<tr><td><b>Test method</b></td>
<td width="30%"><b>Exception</b></td>
<td width="10%"><b>Time (seconds)</b></td>
<td><b>Instance</b></td>
</tr>
<tr>
<td title='com.jocata.star.RunStar.AddBenchMark_01.endReport()'><b>endReport</b><br>Test class: com.jocata.star.RunStar.AddBenchMark_01</td>
<td></td>
<td>0</td>
<td>null</td></tr>
</table><p>
<table width='100%' border='1' class='invocation-failed'>
<tr><td colspan='4' align='center'><b>FAILED TESTS</b></td></tr>
<tr><td><b>Test method</b></td>
<td width="30%"><b>Exception</b></td>
<td width="10%"><b>Time (seconds)</b></td>
<td><b>Instance</b></td>
</tr>
<tr>
<td title='com.jocata.star.includeexculde.AdddeleteRbl.clickadddelete()'><b>clickadddelete</b><br>Test class: com.jocata.star.includeexculde.AdddeleteRbl</td>
<td><div><pre>org.openqa.selenium.NoSuchElementException: Unable to locate element: {&quot;method&quot;:&quot;xpath&quot;,&quot;selector&quot;:&quot;//div[3]/div[2]/div/span/img&quot;}
Command duration or timeout: 30.16 seconds
For documentation on this error, please visit: http://seleniumhq.org/exceptions/no_such_element.html
Build info: version: &apos;2.53.1&apos;, revision: &apos;a36b8b1&apos;, time: &apos;2016-06-30 17:32:46&apos;
System info: host: &apos;Raghu-PC&apos;, ip: &apos;192.168.1.89&apos;, os.name: &apos;Windows 7&apos;, os.arch: &apos;amd64&apos;, os.version: &apos;6.1&apos;, java.version: &apos;1.8.0_101&apos;
Driver info: org.openqa.selenium.firefox.FirefoxDriver
Capabilities [{applicationCacheEnabled=true, rotatable=false, handlesAlerts=true, databaseEnabled=true, version=46.0, platform=WINDOWS, nativeEvents=false, acceptSslCerts=true, webStorageEnabled=true, locationContextEnabled=true, browserName=firefox, takesScreenshot=true, javascriptEnabled=true, cssSelectorsEnabled=true}]
Session ID: e83311c9-9f6d-4aea-8309-bdfa9e5a51d9
*** Element info: {Using=xpath, value=//div[3]/div[2]/div/span/img}
	at org.openqa.selenium.remote.ErrorHandler.createThrowable(ErrorHandler.java:206)
	at org.openqa.selenium.remote.ErrorHandler.throwIfResponseFailed(ErrorHandler.java:158)
	at org.openqa.selenium.remote.RemoteWebDriver.execute(RemoteWebDriver.java:678)
	at org.openqa.selenium.remote.RemoteWebDriver.findElement(RemoteWebDriver.java:363)
	at org.openqa.selenium.remote.RemoteWebDriver.findElementByXPath(RemoteWebDriver.java:500)
	at org.openqa.selenium.By$ByXPath.findElement(By.java:361)
	at org.openqa.selenium.remote.RemoteWebDriver.findElement(RemoteWebDriver.java:355)
	at com.jocata.star.includeexculde.AdddeleteRbl.clickadddelete(AdddeleteRbl.java:112)
	at com.jocata.star.RunStar.AllStarNewSevenone2.main(AllStarNewSevenone2.java:150)
Caused by: org.openqa.selenium.NoSuchElementException: Unable to locate element: {&quot;method&quot;:&quot;xpath&quot;,&quot;selector&quot;:&quot;//div[3]/div[2]/div/span/img&quot;}
For documentation on this error, please visit: http://seleniumhq.org/exceptions/no_such_element.html
Build info: version: &apos;2.53.1&apos;, revision: &apos;a36b8b1&apos;, time: &apos;2016-06-30 17:32:46&apos;
System info: host: &apos;Raghu-PC&apos;, ip: &apos;192.168.1.89&apos;, os.name: &apos;Windows 7&apos;, os.arch: &apos;amd64&apos;, os.version: &apos;6.1&apos;, java.version: &apos;1.8.0_101&apos;
Driver info: driver.version: unknown
	at &lt;anonymous class&gt;.FirefoxDriver.prototype.findElementInternal_(file:///C:/Users/Raghu/AppData/Local/Temp/anonymous222212505627381849webdriver-profile/extensions/fxdriver@googlecode.com/components/driver-component.js:10770)
	at &lt;anonymous class&gt;.fxdriver.Timer.prototype.setTimeout/&lt;.notify(file:///C:/Users/Raghu/AppData/Local/Temp/anonymous222212505627381849webdriver-profile/extensions/fxdriver@googlecode.com/components/driver-component.js:625)
... Removed 25 stack frames</pre></div><a href='#' onClick='toggleBox("stack-trace930569137", this, "Click to show all stack frames", "Click to hide stack frames")'>Click to show all stack frames</a>
<div class='stack-trace' id='stack-trace930569137'><pre>org.openqa.selenium.NoSuchElementException: Unable to locate element: {&quot;method&quot;:&quot;xpath&quot;,&quot;selector&quot;:&quot;//div[3]/div[2]/div/span/img&quot;}
Command duration or timeout: 30.16 seconds
For documentation on this error, please visit: http://seleniumhq.org/exceptions/no_such_element.html
Build info: version: &apos;2.53.1&apos;, revision: &apos;a36b8b1&apos;, time: &apos;2016-06-30 17:32:46&apos;
System info: host: &apos;Raghu-PC&apos;, ip: &apos;192.168.1.89&apos;, os.name: &apos;Windows 7&apos;, os.arch: &apos;amd64&apos;, os.version: &apos;6.1&apos;, java.version: &apos;1.8.0_101&apos;
Driver info: org.openqa.selenium.firefox.FirefoxDriver
Capabilities [{applicationCacheEnabled=true, rotatable=false, handlesAlerts=true, databaseEnabled=true, version=46.0, platform=WINDOWS, nativeEvents=false, acceptSslCerts=true, webStorageEnabled=true, locationContextEnabled=true, browserName=firefox, takesScreenshot=true, javascriptEnabled=true, cssSelectorsEnabled=true}]
Session ID: e83311c9-9f6d-4aea-8309-bdfa9e5a51d9
*** Element info: {Using=xpath, value=//div[3]/div[2]/div/span/img}
	at sun.reflect.NativeConstructorAccessorImpl.newInstance0(Native Method)
	at sun.reflect.NativeConstructorAccessorImpl.newInstance(NativeConstructorAccessorImpl.java:62)
	at sun.reflect.DelegatingConstructorAccessorImpl.newInstance(DelegatingConstructorAccessorImpl.java:45)
	at java.lang.reflect.Constructor.newInstance(Constructor.java:423)
	at org.openqa.selenium.remote.ErrorHandler.createThrowable(ErrorHandler.java:206)
	at org.openqa.selenium.remote.ErrorHandler.throwIfResponseFailed(ErrorHandler.java:158)
	at org.openqa.selenium.remote.RemoteWebDriver.execute(RemoteWebDriver.java:678)
	at org.openqa.selenium.remote.RemoteWebDriver.findElement(RemoteWebDriver.java:363)
	at org.openqa.selenium.remote.RemoteWebDriver.findElementByXPath(RemoteWebDriver.java:500)
	at org.openqa.selenium.By$ByXPath.findElement(By.java:361)
	at org.openqa.selenium.remote.RemoteWebDriver.findElement(RemoteWebDriver.java:355)
	at com.jocata.star.includeexculde.AdddeleteRbl.clickadddelete(AdddeleteRbl.java:112)
	at sun.reflect.NativeMethodAccessorImpl.invoke0(Native Method)
	at sun.reflect.NativeMethodAccessorImpl.invoke(NativeMethodAccessorImpl.java:62)
	at sun.reflect.DelegatingMethodAccessorImpl.invoke(DelegatingMethodAccessorImpl.java:43)
	at java.lang.reflect.Method.invoke(Method.java:498)
	at org.testng.internal.MethodInvocationHelper.invokeMethod(MethodInvocationHelper.java:85)
	at org.testng.internal.Invoker.invokeMethod(Invoker.java:639)
	at org.testng.internal.Invoker.invokeTestMethod(Invoker.java:816)
	at org.testng.internal.Invoker.invokeTestMethods(Invoker.java:1124)
	at org.testng.internal.TestMethodWorker.invokeTestMethods(TestMethodWorker.java:125)
	at org.testng.internal.TestMethodWorker.run(TestMethodWorker.java:108)
	at org.testng.TestRunner.privateRun(TestRunner.java:774)
	at org.testng.TestRunner.run(TestRunner.java:624)
	at org.testng.SuiteRunner.runTest(SuiteRunner.java:359)
	at org.testng.SuiteRunner.runSequentially(SuiteRunner.java:354)
	at org.testng.SuiteRunner.privateRun(SuiteRunner.java:312)
	at org.testng.SuiteRunner.run(SuiteRunner.java:261)
	at org.testng.SuiteRunnerWorker.runSuite(SuiteRunnerWorker.java:52)
	at org.testng.SuiteRunnerWorker.run(SuiteRunnerWorker.java:86)
	at org.testng.TestNG.runSuitesSequentially(TestNG.java:1215)
	at org.testng.TestNG.runSuitesLocally(TestNG.java:1140)
	at org.testng.TestNG.run(TestNG.java:1048)
	at com.jocata.star.RunStar.AllStarNewSevenone2.main(AllStarNewSevenone2.java:150)
Caused by: org.openqa.selenium.NoSuchElementException: Unable to locate element: {&quot;method&quot;:&quot;xpath&quot;,&quot;selector&quot;:&quot;//div[3]/div[2]/div/span/img&quot;}
For documentation on this error, please visit: http://seleniumhq.org/exceptions/no_such_element.html
Build info: version: &apos;2.53.1&apos;, revision: &apos;a36b8b1&apos;, time: &apos;2016-06-30 17:32:46&apos;
System info: host: &apos;Raghu-PC&apos;, ip: &apos;192.168.1.89&apos;, os.name: &apos;Windows 7&apos;, os.arch: &apos;amd64&apos;, os.version: &apos;6.1&apos;, java.version: &apos;1.8.0_101&apos;
Driver info: driver.version: unknown
	at &lt;anonymous class&gt;.FirefoxDriver.prototype.findElementInternal_(file:///C:/Users/Raghu/AppData/Local/Temp/anonymous222212505627381849webdriver-profile/extensions/fxdriver@googlecode.com/components/driver-component.js:10770)
	at &lt;anonymous class&gt;.fxdriver.Timer.prototype.setTimeout/&lt;.notify(file:///C:/Users/Raghu/AppData/Local/Temp/anonymous222212505627381849webdriver-profile/extensions/fxdriver@googlecode.com/components/driver-component.js:625)
</pre></div></td>
<td>58</td>
<td>com.jocata.star.includeexculde.AdddeleteRbl@33e5ccce</td></tr>
<tr>
<td title='com.jocata.star.includeexculde.STARModules.clickingStarmodules()'><b>clickingStarmodules</b><br>Test class: com.jocata.star.includeexculde.STARModules</td>
<td><div><pre>org.openqa.selenium.remote.UnreachableBrowserException: Error communicating with the remote browser. It may have died.
Build info: version: &apos;2.53.1&apos;, revision: &apos;a36b8b1&apos;, time: &apos;2016-06-30 17:32:46&apos;
System info: host: &apos;Raghu-PC&apos;, ip: &apos;192.168.1.89&apos;, os.name: &apos;Windows 7&apos;, os.arch: &apos;amd64&apos;, os.version: &apos;6.1&apos;, java.version: &apos;1.8.0_101&apos;
Driver info: driver.version: RemoteWebDriver
Capabilities [{applicationCacheEnabled=true, rotatable=false, handlesAlerts=true, databaseEnabled=true, version=46.0, platform=WINDOWS, nativeEvents=false, acceptSslCerts=true, webStorageEnabled=true, locationContextEnabled=true, browserName=firefox, takesScreenshot=true, javascriptEnabled=true, cssSelectorsEnabled=true}]
Session ID: e83311c9-9f6d-4aea-8309-bdfa9e5a51d9
	at org.openqa.selenium.remote.RemoteWebDriver.execute(RemoteWebDriver.java:665)
	at org.openqa.selenium.remote.RemoteWebDriver.findElement(RemoteWebDriver.java:363)
	at org.openqa.selenium.remote.RemoteWebDriver.findElementByXPath(RemoteWebDriver.java:500)
	at org.openqa.selenium.By$ByXPath.findElement(By.java:361)
	at org.openqa.selenium.remote.RemoteWebDriver.findElement(RemoteWebDriver.java:355)
	at com.jocata.star.includeexculde.STARModules$1.apply(STARModules.java:39)
	at com.jocata.star.includeexculde.STARModules$1.apply(STARModules.java:1)
	at org.openqa.selenium.support.ui.FluentWait.until(FluentWait.java:238)
	at com.jocata.star.includeexculde.STARModules.fluentWait(STARModules.java:37)
	at com.jocata.star.includeexculde.STARModules.clickingStarmodules(STARModules.java:70)
	at com.jocata.star.RunStar.AllStarNewSevenone2.main(AllStarNewSevenone2.java:150)
Caused by: org.apache.http.conn.HttpHostConnectException: Connect to 127.0.0.1:7055 [/127.0.0.1] failed: Connection refused: connect
	at org.apache.http.impl.conn.DefaultHttpClientConnectionOperator.connect(DefaultHttpClientConnectionOperator.java:151)
	at org.apache.http.impl.conn.PoolingHttpClientConnectionManager.connect(PoolingHttpClientConnectionManager.java:353)
	at org.apache.http.impl.execchain.MainClientExec.establishRoute(MainClientExec.java:380)
	at org.apache.http.impl.execchain.MainClientExec.execute(MainClientExec.java:236)
	at org.apache.http.impl.execchain.ProtocolExec.execute(ProtocolExec.java:184)
	at org.apache.http.impl.execchain.RetryExec.execute(RetryExec.java:88)
	at org.apache.http.impl.execchain.RedirectExec.execute(RedirectExec.java:110)
	at org.apache.http.impl.client.InternalHttpClient.doExecute(InternalHttpClient.java:184)
	at org.apache.http.impl.client.CloseableHttpClient.execute(CloseableHttpClient.java:71)
	at org.apache.http.impl.client.CloseableHttpClient.execute(CloseableHttpClient.java:55)
	at org.openqa.selenium.remote.internal.ApacheHttpClient.fallBackExecute(ApacheHttpClient.java:144)
	at org.openqa.selenium.remote.internal.ApacheHttpClient.execute(ApacheHttpClient.java:90)
	at org.openqa.selenium.remote.HttpCommandExecutor.execute(HttpCommandExecutor.java:142)
	at org.openqa.selenium.firefox.internal.NewProfileExtensionConnection.execute(NewProfileExtensionConnection.java:160)
	at org.openqa.selenium.firefox.FirefoxDriver$LazyCommandExecutor.execute(FirefoxDriver.java:380)
	at org.openqa.selenium.remote.RemoteWebDriver.execute(RemoteWebDriver.java:644)
	... 31 more
Caused by: java.net.ConnectException: Connection refused: connect
	at java.net.DualStackPlainSocketImpl.waitForConnect(Native Method)
	at java.net.DualStackPlainSocketImpl.socketConnect(DualStackPlainSocketImpl.java:85)
	at java.net.AbstractPlainSocketImpl.doConnect(AbstractPlainSocketImpl.java:350)
	at java.net.AbstractPlainSocketImpl.connectToAddress(AbstractPlainSocketImpl.java:206)
	at java.net.AbstractPlainSocketImpl.connect(AbstractPlainSocketImpl.java:188)
	at java.net.PlainSocketImpl.connect(PlainSocketImpl.java:172)
	at java.net.SocksSocketImpl.connect(SocksSocketImpl.java:392)
	at java.net.Socket.connect(Socket.java:589)
	at org.apache.http.conn.socket.PlainConnectionSocketFactory.connectSocket(PlainConnectionSocketFactory.java:74)
	at org.apache.http.impl.conn.DefaultHttpClientConnectionOperator.connect(DefaultHttpClientConnectionOperator.java:134)
	... 46 more
... Removed 21 stack frames</pre></div><a href='#' onClick='toggleBox("stack-trace1282393063", this, "Click to show all stack frames", "Click to hide stack frames")'>Click to show all stack frames</a>
<div class='stack-trace' id='stack-trace1282393063'><pre>org.openqa.selenium.remote.UnreachableBrowserException: Error communicating with the remote browser. It may have died.
Build info: version: &apos;2.53.1&apos;, revision: &apos;a36b8b1&apos;, time: &apos;2016-06-30 17:32:46&apos;
System info: host: &apos;Raghu-PC&apos;, ip: &apos;192.168.1.89&apos;, os.name: &apos;Windows 7&apos;, os.arch: &apos;amd64&apos;, os.version: &apos;6.1&apos;, java.version: &apos;1.8.0_101&apos;
Driver info: driver.version: RemoteWebDriver
Capabilities [{applicationCacheEnabled=true, rotatable=false, handlesAlerts=true, databaseEnabled=true, version=46.0, platform=WINDOWS, nativeEvents=false, acceptSslCerts=true, webStorageEnabled=true, locationContextEnabled=true, browserName=firefox, takesScreenshot=true, javascriptEnabled=true, cssSelectorsEnabled=true}]
Session ID: e83311c9-9f6d-4aea-8309-bdfa9e5a51d9
	at org.openqa.selenium.remote.RemoteWebDriver.execute(RemoteWebDriver.java:665)
	at org.openqa.selenium.remote.RemoteWebDriver.findElement(RemoteWebDriver.java:363)
	at org.openqa.selenium.remote.RemoteWebDriver.findElementByXPath(RemoteWebDriver.java:500)
	at org.openqa.selenium.By$ByXPath.findElement(By.java:361)
	at org.openqa.selenium.remote.RemoteWebDriver.findElement(RemoteWebDriver.java:355)
	at com.jocata.star.includeexculde.STARModules$1.apply(STARModules.java:39)
	at com.jocata.star.includeexculde.STARModules$1.apply(STARModules.java:1)
	at org.openqa.selenium.support.ui.FluentWait.until(FluentWait.java:238)
	at com.jocata.star.includeexculde.STARModules.fluentWait(STARModules.java:37)
	at com.jocata.star.includeexculde.STARModules.clickingStarmodules(STARModules.java:70)
	at sun.reflect.NativeMethodAccessorImpl.invoke0(Native Method)
	at sun.reflect.NativeMethodAccessorImpl.invoke(NativeMethodAccessorImpl.java:62)
	at sun.reflect.DelegatingMethodAccessorImpl.invoke(DelegatingMethodAccessorImpl.java:43)
	at java.lang.reflect.Method.invoke(Method.java:498)
	at org.testng.internal.MethodInvocationHelper.invokeMethod(MethodInvocationHelper.java:85)
	at org.testng.internal.Invoker.invokeMethod(Invoker.java:639)
	at org.testng.internal.Invoker.invokeTestMethod(Invoker.java:816)
	at org.testng.internal.Invoker.invokeTestMethods(Invoker.java:1124)
	at org.testng.internal.TestMethodWorker.invokeTestMethods(TestMethodWorker.java:125)
	at org.testng.internal.TestMethodWorker.run(TestMethodWorker.java:108)
	at org.testng.TestRunner.privateRun(TestRunner.java:774)
	at org.testng.TestRunner.run(TestRunner.java:624)
	at org.testng.SuiteRunner.runTest(SuiteRunner.java:359)
	at org.testng.SuiteRunner.runSequentially(SuiteRunner.java:354)
	at org.testng.SuiteRunner.privateRun(SuiteRunner.java:312)
	at org.testng.SuiteRunner.run(SuiteRunner.java:261)
	at org.testng.SuiteRunnerWorker.runSuite(SuiteRunnerWorker.java:52)
	at org.testng.SuiteRunnerWorker.run(SuiteRunnerWorker.java:86)
	at org.testng.TestNG.runSuitesSequentially(TestNG.java:1215)
	at org.testng.TestNG.runSuitesLocally(TestNG.java:1140)
	at org.testng.TestNG.run(TestNG.java:1048)
	at com.jocata.star.RunStar.AllStarNewSevenone2.main(AllStarNewSevenone2.java:150)
Caused by: org.apache.http.conn.HttpHostConnectException: Connect to 127.0.0.1:7055 [/127.0.0.1] failed: Connection refused: connect
	at org.apache.http.impl.conn.DefaultHttpClientConnectionOperator.connect(DefaultHttpClientConnectionOperator.java:151)
	at org.apache.http.impl.conn.PoolingHttpClientConnectionManager.connect(PoolingHttpClientConnectionManager.java:353)
	at org.apache.http.impl.execchain.MainClientExec.establishRoute(MainClientExec.java:380)
	at org.apache.http.impl.execchain.MainClientExec.execute(MainClientExec.java:236)
	at org.apache.http.impl.execchain.ProtocolExec.execute(ProtocolExec.java:184)
	at org.apache.http.impl.execchain.RetryExec.execute(RetryExec.java:88)
	at org.apache.http.impl.execchain.RedirectExec.execute(RedirectExec.java:110)
	at org.apache.http.impl.client.InternalHttpClient.doExecute(InternalHttpClient.java:184)
	at org.apache.http.impl.client.CloseableHttpClient.execute(CloseableHttpClient.java:71)
	at org.apache.http.impl.client.CloseableHttpClient.execute(CloseableHttpClient.java:55)
	at org.openqa.selenium.remote.internal.ApacheHttpClient.fallBackExecute(ApacheHttpClient.java:144)
	at org.openqa.selenium.remote.internal.ApacheHttpClient.execute(ApacheHttpClient.java:90)
	at org.openqa.selenium.remote.HttpCommandExecutor.execute(HttpCommandExecutor.java:142)
	at org.openqa.selenium.firefox.internal.NewProfileExtensionConnection.execute(NewProfileExtensionConnection.java:160)
	at org.openqa.selenium.firefox.FirefoxDriver$LazyCommandExecutor.execute(FirefoxDriver.java:380)
	at org.openqa.selenium.remote.RemoteWebDriver.execute(RemoteWebDriver.java:644)
	... 31 more
Caused by: java.net.ConnectException: Connection refused: connect
	at java.net.DualStackPlainSocketImpl.waitForConnect(Native Method)
	at java.net.DualStackPlainSocketImpl.socketConnect(DualStackPlainSocketImpl.java:85)
	at java.net.AbstractPlainSocketImpl.doConnect(AbstractPlainSocketImpl.java:350)
	at java.net.AbstractPlainSocketImpl.connectToAddress(AbstractPlainSocketImpl.java:206)
	at java.net.AbstractPlainSocketImpl.connect(AbstractPlainSocketImpl.java:188)
	at java.net.PlainSocketImpl.connect(PlainSocketImpl.java:172)
	at java.net.SocksSocketImpl.connect(SocksSocketImpl.java:392)
	at java.net.Socket.connect(Socket.java:589)
	at org.apache.http.conn.socket.PlainConnectionSocketFactory.connectSocket(PlainConnectionSocketFactory.java:74)
	at org.apache.http.impl.conn.DefaultHttpClientConnectionOperator.connect(DefaultHttpClientConnectionOperator.java:134)
	... 46 more
</pre></div></td>
<td>8</td>
<td>com.jocata.star.includeexculde.STARModules@d70c109</td></tr>
<tr>
<td title='com.jocata.star.scripts.CustomerFieldsJocata.login()'><b>login</b><br>Test class: com.jocata.star.scripts.CustomerFieldsJocata</td>
<td><div><pre>org.openqa.selenium.WebDriverException: Element is not clickable at point (888, 77.19999694824219). Other element would receive the click: &lt;div id=&quot;ext-gen1670&quot; role=&quot;presentation&quot; class=&quot;x-mask&quot; style=&quot;height: 658px; width: 1349px; z-index: 18997; right: auto; left: 0px; top: 0px;&quot;&gt;&lt;/div&gt;
Command duration or timeout: 69 milliseconds
Build info: version: &apos;2.53.1&apos;, revision: &apos;a36b8b1&apos;, time: &apos;2016-06-30 17:32:46&apos;
System info: host: &apos;Raghu-PC&apos;, ip: &apos;192.168.1.89&apos;, os.name: &apos;Windows 7&apos;, os.arch: &apos;amd64&apos;, os.version: &apos;6.1&apos;, java.version: &apos;1.8.0_101&apos;
Driver info: org.openqa.selenium.firefox.FirefoxDriver
Capabilities [{applicationCacheEnabled=true, rotatable=false, handlesAlerts=true, databaseEnabled=true, version=46.0, platform=WINDOWS, nativeEvents=false, acceptSslCerts=true, webStorageEnabled=true, locationContextEnabled=true, browserName=firefox, takesScreenshot=true, javascriptEnabled=true, cssSelectorsEnabled=true}]
Session ID: e83311c9-9f6d-4aea-8309-bdfa9e5a51d9
	at org.openqa.selenium.remote.ErrorHandler.createThrowable(ErrorHandler.java:206)
	at org.openqa.selenium.remote.ErrorHandler.throwIfResponseFailed(ErrorHandler.java:158)
	at org.openqa.selenium.remote.RemoteWebDriver.execute(RemoteWebDriver.java:678)
	at org.openqa.selenium.remote.RemoteWebElement.execute(RemoteWebElement.java:327)
	at org.openqa.selenium.remote.RemoteWebElement.click(RemoteWebElement.java:85)
	at com.jocata.star.scripts.CustomerFieldsJocata.clickDashboard(CustomerFieldsJocata.java:69)
	at com.jocata.star.scripts.CustomerFieldsJocata.login(CustomerFieldsJocata.java:59)
	at com.jocata.star.RunStar.AllStarNewSevenone2.main(AllStarNewSevenone2.java:150)
... Removed 25 stack frames</pre></div><a href='#' onClick='toggleBox("stack-trace1027217667", this, "Click to show all stack frames", "Click to hide stack frames")'>Click to show all stack frames</a>
<div class='stack-trace' id='stack-trace1027217667'><pre>org.openqa.selenium.WebDriverException: Element is not clickable at point (888, 77.19999694824219). Other element would receive the click: &lt;div id=&quot;ext-gen1670&quot; role=&quot;presentation&quot; class=&quot;x-mask&quot; style=&quot;height: 658px; width: 1349px; z-index: 18997; right: auto; left: 0px; top: 0px;&quot;&gt;&lt;/div&gt;
Command duration or timeout: 69 milliseconds
Build info: version: &apos;2.53.1&apos;, revision: &apos;a36b8b1&apos;, time: &apos;2016-06-30 17:32:46&apos;
System info: host: &apos;Raghu-PC&apos;, ip: &apos;192.168.1.89&apos;, os.name: &apos;Windows 7&apos;, os.arch: &apos;amd64&apos;, os.version: &apos;6.1&apos;, java.version: &apos;1.8.0_101&apos;
Driver info: org.openqa.selenium.firefox.FirefoxDriver
Capabilities [{applicationCacheEnabled=true, rotatable=false, handlesAlerts=true, databaseEnabled=true, version=46.0, platform=WINDOWS, nativeEvents=false, acceptSslCerts=true, webStorageEnabled=true, locationContextEnabled=true, browserName=firefox, takesScreenshot=true, javascriptEnabled=true, cssSelectorsEnabled=true}]
Session ID: e83311c9-9f6d-4aea-8309-bdfa9e5a51d9
	at sun.reflect.NativeConstructorAccessorImpl.newInstance0(Native Method)
	at sun.reflect.NativeConstructorAccessorImpl.newInstance(NativeConstructorAccessorImpl.java:62)
	at sun.reflect.DelegatingConstructorAccessorImpl.newInstance(DelegatingConstructorAccessorImpl.java:45)
	at java.lang.reflect.Constructor.newInstance(Constructor.java:423)
	at org.openqa.selenium.remote.ErrorHandler.createThrowable(ErrorHandler.java:206)
	at org.openqa.selenium.remote.ErrorHandler.throwIfResponseFailed(ErrorHandler.java:158)
	at org.openqa.selenium.remote.RemoteWebDriver.execute(RemoteWebDriver.java:678)
	at org.openqa.selenium.remote.RemoteWebElement.execute(RemoteWebElement.java:327)
	at org.openqa.selenium.remote.RemoteWebElement.click(RemoteWebElement.java:85)
	at com.jocata.star.scripts.CustomerFieldsJocata.clickDashboard(CustomerFieldsJocata.java:69)
	at com.jocata.star.scripts.CustomerFieldsJocata.login(CustomerFieldsJocata.java:59)
	at sun.reflect.NativeMethodAccessorImpl.invoke0(Native Method)
	at sun.reflect.NativeMethodAccessorImpl.invoke(NativeMethodAccessorImpl.java:62)
	at sun.reflect.DelegatingMethodAccessorImpl.invoke(DelegatingMethodAccessorImpl.java:43)
	at java.lang.reflect.Method.invoke(Method.java:498)
	at org.testng.internal.MethodInvocationHelper.invokeMethod(MethodInvocationHelper.java:85)
	at org.testng.internal.Invoker.invokeMethod(Invoker.java:639)
	at org.testng.internal.Invoker.invokeTestMethod(Invoker.java:816)
	at org.testng.internal.Invoker.invokeTestMethods(Invoker.java:1124)
	at org.testng.internal.TestMethodWorker.invokeTestMethods(TestMethodWorker.java:125)
	at org.testng.internal.TestMethodWorker.run(TestMethodWorker.java:108)
	at org.testng.TestRunner.privateRun(TestRunner.java:774)
	at org.testng.TestRunner.run(TestRunner.java:624)
	at org.testng.SuiteRunner.runTest(SuiteRunner.java:359)
	at org.testng.SuiteRunner.runSequentially(SuiteRunner.java:354)
	at org.testng.SuiteRunner.privateRun(SuiteRunner.java:312)
	at org.testng.SuiteRunner.run(SuiteRunner.java:261)
	at org.testng.SuiteRunnerWorker.runSuite(SuiteRunnerWorker.java:52)
	at org.testng.SuiteRunnerWorker.run(SuiteRunnerWorker.java:86)
	at org.testng.TestNG.runSuitesSequentially(TestNG.java:1215)
	at org.testng.TestNG.runSuitesLocally(TestNG.java:1140)
	at org.testng.TestNG.run(TestNG.java:1048)
	at com.jocata.star.RunStar.AllStarNewSevenone2.main(AllStarNewSevenone2.java:150)
</pre></div></td>
<td>9</td>
<td>com.jocata.star.scripts.CustomerFieldsJocata@5479e3f</td></tr>
<tr>
<td title='com.jocata.star.RunStar.AdvanceSearchStar2.loginAdvance()'><b>loginAdvance</b><br>Test class: com.jocata.star.RunStar.AdvanceSearchStar2</td>
<td><div><pre>org.openqa.selenium.ElementNotVisibleException: Element is not currently visible and so may not be interacted with
Command duration or timeout: 30.12 seconds
Build info: version: &apos;2.53.1&apos;, revision: &apos;a36b8b1&apos;, time: &apos;2016-06-30 17:32:46&apos;
System info: host: &apos;Raghu-PC&apos;, ip: &apos;192.168.1.89&apos;, os.name: &apos;Windows 7&apos;, os.arch: &apos;amd64&apos;, os.version: &apos;6.1&apos;, java.version: &apos;1.8.0_101&apos;
Driver info: org.openqa.selenium.firefox.FirefoxDriver
Capabilities [{applicationCacheEnabled=true, rotatable=false, handlesAlerts=true, databaseEnabled=true, version=46.0, platform=WINDOWS, nativeEvents=false, acceptSslCerts=true, webStorageEnabled=true, locationContextEnabled=true, browserName=firefox, takesScreenshot=true, javascriptEnabled=true, cssSelectorsEnabled=true}]
Session ID: e83311c9-9f6d-4aea-8309-bdfa9e5a51d9
	at org.openqa.selenium.remote.ErrorHandler.createThrowable(ErrorHandler.java:206)
	at org.openqa.selenium.remote.ErrorHandler.throwIfResponseFailed(ErrorHandler.java:158)
	at org.openqa.selenium.remote.RemoteWebDriver.execute(RemoteWebDriver.java:678)
	at org.openqa.selenium.remote.RemoteWebElement.execute(RemoteWebElement.java:327)
	at org.openqa.selenium.remote.RemoteWebElement.click(RemoteWebElement.java:85)
	at com.jocata.star.RunStar.AdvanceSearchStar2.clickDashboardAdvance(AdvanceSearchStar2.java:443)
	at com.jocata.star.RunStar.AdvanceSearchStar2.loginAdvance(AdvanceSearchStar2.java:55)
	at com.jocata.star.RunStar.AllStarNewSevenone2.main(AllStarNewSevenone2.java:150)
Caused by: org.openqa.selenium.ElementNotVisibleException: Element is not currently visible and so may not be interacted with
Build info: version: &apos;2.53.1&apos;, revision: &apos;a36b8b1&apos;, time: &apos;2016-06-30 17:32:46&apos;
System info: host: &apos;Raghu-PC&apos;, ip: &apos;192.168.1.89&apos;, os.name: &apos;Windows 7&apos;, os.arch: &apos;amd64&apos;, os.version: &apos;6.1&apos;, java.version: &apos;1.8.0_101&apos;
Driver info: driver.version: unknown
	at &lt;anonymous class&gt;.fxdriver.preconditions.visible(file:///C:/Users/Raghu/AppData/Local/Temp/anonymous222212505627381849webdriver-profile/extensions/fxdriver@googlecode.com/components/command-processor.js:10092)
	at &lt;anonymous class&gt;.DelayedCommand.prototype.checkPreconditions_(file:///C:/Users/Raghu/AppData/Local/Temp/anonymous222212505627381849webdriver-profile/extensions/fxdriver@googlecode.com/components/command-processor.js:12644)
	at &lt;anonymous class&gt;.DelayedCommand.prototype.executeInternal_/h(file:///C:/Users/Raghu/AppData/Local/Temp/anonymous222212505627381849webdriver-profile/extensions/fxdriver@googlecode.com/components/command-processor.js:12661)
	at &lt;anonymous class&gt;.fxdriver.Timer.prototype.setTimeout/&lt;.notify(file:///C:/Users/Raghu/AppData/Local/Temp/anonymous222212505627381849webdriver-profile/extensions/fxdriver@googlecode.com/components/command-processor.js:625)
... Removed 25 stack frames</pre></div><a href='#' onClick='toggleBox("stack-trace366180667", this, "Click to show all stack frames", "Click to hide stack frames")'>Click to show all stack frames</a>
<div class='stack-trace' id='stack-trace366180667'><pre>org.openqa.selenium.ElementNotVisibleException: Element is not currently visible and so may not be interacted with
Command duration or timeout: 30.12 seconds
Build info: version: &apos;2.53.1&apos;, revision: &apos;a36b8b1&apos;, time: &apos;2016-06-30 17:32:46&apos;
System info: host: &apos;Raghu-PC&apos;, ip: &apos;192.168.1.89&apos;, os.name: &apos;Windows 7&apos;, os.arch: &apos;amd64&apos;, os.version: &apos;6.1&apos;, java.version: &apos;1.8.0_101&apos;
Driver info: org.openqa.selenium.firefox.FirefoxDriver
Capabilities [{applicationCacheEnabled=true, rotatable=false, handlesAlerts=true, databaseEnabled=true, version=46.0, platform=WINDOWS, nativeEvents=false, acceptSslCerts=true, webStorageEnabled=true, locationContextEnabled=true, browserName=firefox, takesScreenshot=true, javascriptEnabled=true, cssSelectorsEnabled=true}]
Session ID: e83311c9-9f6d-4aea-8309-bdfa9e5a51d9
	at sun.reflect.NativeConstructorAccessorImpl.newInstance0(Native Method)
	at sun.reflect.NativeConstructorAccessorImpl.newInstance(NativeConstructorAccessorImpl.java:62)
	at sun.reflect.DelegatingConstructorAccessorImpl.newInstance(DelegatingConstructorAccessorImpl.java:45)
	at java.lang.reflect.Constructor.newInstance(Constructor.java:423)
	at org.openqa.selenium.remote.ErrorHandler.createThrowable(ErrorHandler.java:206)
	at org.openqa.selenium.remote.ErrorHandler.throwIfResponseFailed(ErrorHandler.java:158)
	at org.openqa.selenium.remote.RemoteWebDriver.execute(RemoteWebDriver.java:678)
	at org.openqa.selenium.remote.RemoteWebElement.execute(RemoteWebElement.java:327)
	at org.openqa.selenium.remote.RemoteWebElement.click(RemoteWebElement.java:85)
	at com.jocata.star.RunStar.AdvanceSearchStar2.clickDashboardAdvance(AdvanceSearchStar2.java:443)
	at com.jocata.star.RunStar.AdvanceSearchStar2.loginAdvance(AdvanceSearchStar2.java:55)
	at sun.reflect.NativeMethodAccessorImpl.invoke0(Native Method)
	at sun.reflect.NativeMethodAccessorImpl.invoke(NativeMethodAccessorImpl.java:62)
	at sun.reflect.DelegatingMethodAccessorImpl.invoke(DelegatingMethodAccessorImpl.java:43)
	at java.lang.reflect.Method.invoke(Method.java:498)
	at org.testng.internal.MethodInvocationHelper.invokeMethod(MethodInvocationHelper.java:85)
	at org.testng.internal.Invoker.invokeMethod(Invoker.java:639)
	at org.testng.internal.Invoker.invokeTestMethod(Invoker.java:816)
	at org.testng.internal.Invoker.invokeTestMethods(Invoker.java:1124)
	at org.testng.internal.TestMethodWorker.invokeTestMethods(TestMethodWorker.java:125)
	at org.testng.internal.TestMethodWorker.run(TestMethodWorker.java:108)
	at org.testng.TestRunner.privateRun(TestRunner.java:774)
	at org.testng.TestRunner.run(TestRunner.java:624)
	at org.testng.SuiteRunner.runTest(SuiteRunner.java:359)
	at org.testng.SuiteRunner.runSequentially(SuiteRunner.java:354)
	at org.testng.SuiteRunner.privateRun(SuiteRunner.java:312)
	at org.testng.SuiteRunner.run(SuiteRunner.java:261)
	at org.testng.SuiteRunnerWorker.runSuite(SuiteRunnerWorker.java:52)
	at org.testng.SuiteRunnerWorker.run(SuiteRunnerWorker.java:86)
	at org.testng.TestNG.runSuitesSequentially(TestNG.java:1215)
	at org.testng.TestNG.runSuitesLocally(TestNG.java:1140)
	at org.testng.TestNG.run(TestNG.java:1048)
	at com.jocata.star.RunStar.AllStarNewSevenone2.main(AllStarNewSevenone2.java:150)
Caused by: org.openqa.selenium.ElementNotVisibleException: Element is not currently visible and so may not be interacted with
Build info: version: &apos;2.53.1&apos;, revision: &apos;a36b8b1&apos;, time: &apos;2016-06-30 17:32:46&apos;
System info: host: &apos;Raghu-PC&apos;, ip: &apos;192.168.1.89&apos;, os.name: &apos;Windows 7&apos;, os.arch: &apos;amd64&apos;, os.version: &apos;6.1&apos;, java.version: &apos;1.8.0_101&apos;
Driver info: driver.version: unknown
	at &lt;anonymous class&gt;.fxdriver.preconditions.visible(file:///C:/Users/Raghu/AppData/Local/Temp/anonymous222212505627381849webdriver-profile/extensions/fxdriver@googlecode.com/components/command-processor.js:10092)
	at &lt;anonymous class&gt;.DelayedCommand.prototype.checkPreconditions_(file:///C:/Users/Raghu/AppData/Local/Temp/anonymous222212505627381849webdriver-profile/extensions/fxdriver@googlecode.com/components/command-processor.js:12644)
	at &lt;anonymous class&gt;.DelayedCommand.prototype.executeInternal_/h(file:///C:/Users/Raghu/AppData/Local/Temp/anonymous222212505627381849webdriver-profile/extensions/fxdriver@googlecode.com/components/command-processor.js:12661)
	at &lt;anonymous class&gt;.fxdriver.Timer.prototype.setTimeout/&lt;.notify(file:///C:/Users/Raghu/AppData/Local/Temp/anonymous222212505627381849webdriver-profile/extensions/fxdriver@googlecode.com/components/command-processor.js:625)
</pre></div></td>
<td>243</td>
<td>com.jocata.star.RunStar.AdvanceSearchStar2@449b2d27</td></tr>
</table><p>
<table width='100%' border='1' class='invocation-passed'>
<tr><td colspan='4' align='center'><b>PASSED TESTS</b></td></tr>
<tr><td><b>Test method</b></td>
<td width="30%"><b>Exception</b></td>
<td width="10%"><b>Time (seconds)</b></td>
<td><b>Instance</b></td>
</tr>
<tr>
<td title='com.jocata.star.grid.GridAddReport3.GridTest()'><b>GridTest</b><br>Test class: com.jocata.star.grid.GridAddReport3</td>
<td></td>
<td>174</td>
<td>com.jocata.star.grid.GridAddReport3@763d9750</td></tr>
<tr>
<td title='com.jocata.star.grid.ADDRolesModify.GridTest()'><b>GridTest</b><br>Test class: com.jocata.star.grid.ADDRolesModify</td>
<td></td>
<td>108</td>
<td>com.jocata.star.grid.ADDRolesModify@5c0369c4</td></tr>
<tr>
<td title='com.jocata.star.misreports.AddBenchMarkBenchMarkRun.addReport()'><b>addReport</b><br>Test class: com.jocata.star.misreports.AddBenchMarkBenchMarkRun</td>
<td></td>
<td>61</td>
<td>com.jocata.star.misreports.AddBenchMarkBenchMarkRun@52d455b8</td></tr>
<tr>
<td title='com.jocata.star.misreports.AddReportCaseDetailsReport.addReport()'><b>addReport</b><br>Test class: com.jocata.star.misreports.AddReportCaseDetailsReport</td>
<td></td>
<td>46</td>
<td>com.jocata.star.misreports.AddReportCaseDetailsReport@4f4a7090</td></tr>
<tr>
<td title='com.jocata.star.misreports.AddReportDashboard.addReport()'><b>addReport</b><br>Test class: com.jocata.star.misreports.AddReportDashboard</td>
<td></td>
<td>41</td>
<td>com.jocata.star.misreports.AddReportDashboard@18ef96</td></tr>
<tr>
<td title='com.jocata.star.misreports.AddReportEventDetailsReport.addReport()'><b>addReport</b><br>Test class: com.jocata.star.misreports.AddReportEventDetailsReport</td>
<td></td>
<td>40</td>
<td>com.jocata.star.misreports.AddReportEventDetailsReport@6956de9</td></tr>
<tr>
<td title='com.jocata.star.misreports.AddReportRuleSummary.addReport()'><b>addReport</b><br>Test class: com.jocata.star.misreports.AddReportRuleSummary</td>
<td></td>
<td>41</td>
<td>com.jocata.star.misreports.AddReportRuleSummary@769c9116</td></tr>
<tr>
<td title='com.jocata.star.misreports.AddReportsBenchMark.addReport()'><b>addReport</b><br>Test class: com.jocata.star.misreports.AddReportsBenchMark</td>
<td></td>
<td>51</td>
<td>com.jocata.star.misreports.AddReportsBenchMark@6aceb1a5</td></tr>
<tr>
<td title='com.jocata.star.misreports.AddReportUserCaseDetailsReport.addReport()'><b>addReport</b><br>Test class: com.jocata.star.misreports.AddReportUserCaseDetailsReport</td>
<td></td>
<td>42</td>
<td>com.jocata.star.misreports.AddReportUserCaseDetailsReport@2d6d8735</td></tr>
<tr>
<td title='com.jocata.star.ExportReports.RuleSummereyReportExport.clicingmisreports()'><b>clicingmisreports</b><br>Test class: com.jocata.star.ExportReports.RuleSummereyReportExport</td>
<td></td>
<td>153</td>
<td>com.jocata.star.ExportReports.RuleSummereyReportExport@12bc6874</td></tr>
<tr>
<td title='com.jocata.star.ExportReports.CaseDetailsReportExport.clicingmisreports()'><b>clicingmisreports</b><br>Test class: com.jocata.star.ExportReports.CaseDetailsReportExport</td>
<td></td>
<td>163</td>
<td>com.jocata.star.ExportReports.CaseDetailsReportExport@de0a01f</td></tr>
<tr>
<td title='com.jocata.star.ExportReports.BenchmarksReportExport.clicingmisreports()'><b>clicingmisreports</b><br>Test class: com.jocata.star.ExportReports.BenchmarksReportExport</td>
<td></td>
<td>177</td>
<td>com.jocata.star.ExportReports.BenchmarksReportExport@4c75cab9</td></tr>
<tr>
<td title='com.jocata.star.ExportReports.BenchmarksRunReportExport.clicingmisreports()'><b>clicingmisreports</b><br>Test class: com.jocata.star.ExportReports.BenchmarksRunReportExport</td>
<td></td>
<td>170</td>
<td>com.jocata.star.ExportReports.BenchmarksRunReportExport@1ef7fe8e</td></tr>
<tr>
<td title='com.jocata.star.ExportReports.UserDetailsReportExport.clickUserDetailsReport()'><b>clickUserDetailsReport</b><br>Test class: com.jocata.star.ExportReports.UserDetailsReportExport</td>
<td></td>
<td>170</td>
<td>com.jocata.star.ExportReports.UserDetailsReportExport@ba4d54</td></tr>
<tr>
<td title='com.jocata.star.includeexculde.GridModules.clickgridmodules()'><b>clickgridmodules</b><br>Test class: com.jocata.star.includeexculde.GridModules</td>
<td></td>
<td>207</td>
<td>com.jocata.star.includeexculde.GridModules@2be94b0f</td></tr>
<tr>
<td title='com.jocata.star.RunStar.AddBenchMark_01.init()'><b>init</b><br>Test class: com.jocata.star.RunStar.AddBenchMark_01</td>
<td></td>
<td>86</td>
<td>com.jocata.star.RunStar.AddBenchMark_01@7d4793a8</td></tr>
<tr>
<td title='com.jocata.star.existingfuctions.AddBenchMarkReportsChanges3.init()'><b>init</b><br>Test class: com.jocata.star.existingfuctions.AddBenchMarkReportsChanges3</td>
<td></td>
<td>59</td>
<td>com.jocata.star.existingfuctions.AddBenchMarkReportsChanges3@67117f44</td></tr>
<tr>
<td title='com.jocata.star.workflow.WorkFlowClose2.login()'><b>login</b><br>Test class: com.jocata.star.workflow.WorkFlowClose2</td>
<td></td>
<td>99</td>
<td>com.jocata.star.workflow.WorkFlowClose2@5b1d2887</td></tr>
<tr>
<td title='com.jocata.star.workflow.WorkFLowFalsePositive2.login()'><b>login</b><br>Test class: com.jocata.star.workflow.WorkFLowFalsePositive2</td>
<td></td>
<td>232</td>
<td>com.jocata.star.workflow.WorkFLowFalsePositive2@46f5f779</td></tr>
<tr>
<td title='com.jocata.star.workflow.WorkFlowRaiseSTR2.login()'><b>login</b><br>Test class: com.jocata.star.workflow.WorkFlowRaiseSTR2</td>
<td></td>
<td>117</td>
<td>com.jocata.star.workflow.WorkFlowRaiseSTR2@1c2c22f3</td></tr>
<tr>
<td title='com.jocata.star.workflow.WorkFlowActionsForWard2.login()'><b>login</b><br>Test class: com.jocata.star.workflow.WorkFlowActionsForWard2</td>
<td></td>
<td>116</td>
<td>com.jocata.star.workflow.WorkFlowActionsForWard2@18e8568</td></tr>
<tr>
<td title='com.jocata.star.workflow.WorkFLowAndDispActions2.login()'><b>login</b><br>Test class: com.jocata.star.workflow.WorkFLowAndDispActions2</td>
<td></td>
<td>35</td>
<td>com.jocata.star.workflow.WorkFLowAndDispActions2@5a42bbf4</td></tr>
<tr>
<td title='com.jocata.star.workflow.WorkFLowActionsReassign2.login()'><b>login</b><br>Test class: com.jocata.star.workflow.WorkFLowActionsReassign2</td>
<td></td>
<td>71</td>
<td>com.jocata.star.workflow.WorkFLowActionsReassign2@270421f5</td></tr>
<tr>
<td title='com.jocata.star.exportexcels.CustomerPeerProfile2.login()'><b>login</b><br>Test class: com.jocata.star.exportexcels.CustomerPeerProfile2</td>
<td></td>
<td>250</td>
<td>com.jocata.star.exportexcels.CustomerPeerProfile2@5d3411d</td></tr>
<tr>
<td title='com.jocata.star.exportexcels.NetworkExportGraph.login()'><b>login</b><br>Test class: com.jocata.star.exportexcels.NetworkExportGraph</td>
<td></td>
<td>101</td>
<td>com.jocata.star.exportexcels.NetworkExportGraph@5fe5c6f</td></tr>
<tr>
<td title='com.jocata.star.exportexcels.TrancastionRulePopUpExport.login()'><b>login</b><br>Test class: com.jocata.star.exportexcels.TrancastionRulePopUpExport</td>
<td></td>
<td>130</td>
<td>com.jocata.star.exportexcels.TrancastionRulePopUpExport@6979e8cb</td></tr>
<tr>
<td title='com.jocata.star.scripts.StarNavigationJocata.loginNavigation()'><b>loginNavigation</b><br>Test class: com.jocata.star.scripts.StarNavigationJocata</td>
<td></td>
<td>105</td>
<td>com.jocata.star.scripts.StarNavigationJocata@24273305</td></tr>
<tr>
<td title='com.jocata.star.scripts.NewCreateRuleJocata2.loginNew()'><b>loginNew</b><br>Test class: com.jocata.star.scripts.NewCreateRuleJocata2</td>
<td></td>
<td>22</td>
<td>com.jocata.star.scripts.NewCreateRuleJocata2@27082746</td></tr>
<tr>
<td title='com.jocata.star.existingfuctions.AddruleChangesFuctionaltiy.loginNew()'><b>loginNew</b><br>Test class: com.jocata.star.existingfuctions.AddruleChangesFuctionaltiy</td>
<td></td>
<td>120</td>
<td>com.jocata.star.existingfuctions.AddruleChangesFuctionaltiy@6f79caec</td></tr>
<tr>
<td title='com.jocata.star.scripts.SimpleSearchJocata.loginsimple()'><b>loginsimple</b><br>Test class: com.jocata.star.scripts.SimpleSearchJocata</td>
<td></td>
<td>588</td>
<td>com.jocata.star.scripts.SimpleSearchJocata@66133adc</td></tr>
<tr>
<td title='com.jocata.star.scripts.StarCase8Jocata.test()'><b>test</b><br>Test class: com.jocata.star.scripts.StarCase8Jocata</td>
<td></td>
<td>106</td>
<td>com.jocata.star.scripts.StarCase8Jocata@42f30e0a</td></tr>
<tr>
<td title='com.jocata.star.exportexcels.DashboardTask.testDashBoard()'><b>testDashBoard</b><br>Test class: com.jocata.star.exportexcels.DashboardTask</td>
<td></td>
<td>46</td>
<td>com.jocata.star.exportexcels.DashboardTask@2471cca7</td></tr>
<tr>
<td title='com.jocata.star.scripts.StarCase7Jocata.testprofiles()'><b>testprofiles</b><br>Test class: com.jocata.star.scripts.StarCase7Jocata</td>
<td></td>
<td>121</td>
<td>com.jocata.star.scripts.StarCase7Jocata@7bfcd12c</td></tr>
</table><p>
</body>
</html>